<?xml version="1.0" encoding="utf-8"?><testsuites name="pytest tests"><testsuite name="pytest" errors="0" failures="0" skipped="0" tests="13" time="3.818" timestamp="2026-07-01T22:34:37.046431+00:00" hostname="agent-env-043b526b-3b05-4aa7-a1d6-eee4303da566"><testcase classname="backend.tests.test_ca_plan" name="test_ca_login_role" time="0.370" /><testcase classname="backend.tests.test_ca_plan" name="test_signup_role_ca" time="0.320" /><testcase classname="backend.tests.test_ca_plan" name="test_ca_list_clients" time="0.464" /><testcase classname="backend.tests.test_ca_plan" name="test_ca_endpoint_vendor_forbidden" time="0.388" /><testcase classname="backend.tests.test_ca_plan" name="test_ca_endpoint_unauthenticated" time="0.091" /><testcase classname="backend.tests.test_ca_plan" name="test_invite_shows_in_list" time="0.407" /><testcase classname="backend.tests.test_ca_plan" name="test_invite_duplicate_400" time="0.104" /><testcase classname="backend.tests.test_ca_plan" name="test_mark_filed_gstr1_bharat" time="0.933" /><testcase classname="backend.tests.test_ca_plan" name="test_mark_filed_unlinked_403" time="0.081" /><testcase classname="backend.tests.test_ca_plan" name="test_client_summary_sharma" time="0.169" /><testcase classname="backend.tests.test_ca_plan" name="test_remove_client" time="0.222" /><testcase classname="backend.tests.test_ca_plan" name="test_vendor_dashboard_still_works" time="0.092" /><testcase classname="backend.tests.test_ca_plan" name="test_stats_shape" time="0.081" /></testsuite></testsuites>