<?xml version="1.0" encoding="utf-8"?><testsuites name="pytest tests"><testsuite name="pytest" errors="0" failures="1" skipped="0" tests="21" time="4.754" timestamp="2026-07-01T23:06:57.820301+00:00" hostname="agent-env-043b526b-3b05-4aa7-a1d6-eee4303da566"><testcase classname="tests.test_iter3.TestRegression" name="test_health" time="0.276" /><testcase classname="tests.test_iter3.TestRegression" name="test_vendor_login_me" time="0.416" /><testcase classname="tests.test_iter3.TestRegression" name="test_ca_login_me" time="0.414" /><testcase classname="tests.test_iter3.TestRegression" name="test_invoices_list" time="0.129" /><testcase classname="tests.test_iter3.TestRegression" name="test_dashboard_summary" time="0.090" /><testcase classname="tests.test_iter3.TestRegression" name="test_gst_summary" time="0.086" /><testcase classname="tests.test_iter3.TestRegression" name="test_gst_deadlines" time="0.117" /><testcase classname="tests.test_iter3.TestRegression" name="test_gstin_verify" time="0.122" /><testcase classname="tests.test_iter3.TestRegression" name="test_upi_transactions" time="0.080" /><testcase classname="tests.test_iter3.TestRegression" name="test_ca_clients" time="0.088" /><testcase classname="tests.test_iter3.TestRegression" name="test_chat_message" time="0.080"><failure message="AssertionError: {&quot;detail&quot;:[{&quot;type&quot;:&quot;missing&quot;,&quot;loc&quot;:[&quot;body&quot;,&quot;message&quot;],&quot;msg&quot;:&quot;Field required&quot;,&quot;input&quot;:{&quot;text&quot;:&quot;Namaste, batao GSTR-1 kya hai?&quot;}}]}&#10;assert 422 == 200&#10; +  where 422 = &lt;Response [422]&gt;.status_code">tests/test_iter3.py:118: in test_chat_message
    assert r.status_code == 200, r.text
E   AssertionError: {"detail":[{"type":"missing","loc":["body","message"],"msg":"Field required","input":{"text":"Namaste, batao GSTR-1 kya hai?"}}]}
E   assert 422 == 200
E    +  where 422 = &lt;Response [422]&gt;.status_code</failure></testcase><testcase classname="tests.test_iter3.TestWhatsApp" name="test_status_simulated" time="0.082" /><testcase classname="tests.test_iter3.TestWhatsApp" name="test_send_test_requires_auth" time="0.077" /><testcase classname="tests.test_iter3.TestWhatsApp" name="test_send_test_dry_run" time="0.086" /><testcase classname="tests.test_iter3.TestWhatsApp" name="test_send_template_dry_run" time="0.084" /><testcase classname="tests.test_iter3.TestWhatsApp" name="test_webhook_inbound_routes" time="1.282" /><testcase classname="tests.test_iter3.TestGspFiling" name="test_file_without_gstin_returns_400" time="0.387" /><testcase classname="tests.test_iter3.TestGspFiling" name="test_full_file_flow" time="0.421" /><testcase classname="tests.test_iter3.TestCaExport" name="test_export_csv" time="0.082" /><testcase classname="tests.test_iter3.TestCaExport" name="test_export_json" time="0.134" /><testcase classname="tests.test_iter3.TestCaExport" name="test_export_forbidden_for_vendor" time="0.087" /></testsuite></testsuites>