<?xml version="1.0" encoding="utf-8"?><testsuites name="pytest tests"><testsuite name="pytest" errors="0" failures="0" skipped="0" tests="50" time="17.157" timestamp="2026-07-01T23:07:19.771212+00:00" hostname="agent-env-043b526b-3b05-4aa7-a1d6-eee4303da566"><testcase classname="tests.backend_test" name="test_root" time="0.113" /><testcase classname="tests.backend_test" name="test_health" time="0.089" /><testcase classname="tests.backend_test" name="test_login_demo" time="0.313" /><testcase classname="tests.backend_test" name="test_login_bad_password" time="0.277" /><testcase classname="tests.backend_test" name="test_register_and_me" time="0.359" /><testcase classname="tests.backend_test" name="test_me_no_token" time="0.110" /><testcase classname="tests.backend_test" name="test_gstin_valid" time="0.086" /><testcase classname="tests.backend_test" name="test_gstin_invalid" time="0.081" /><testcase classname="tests.backend_test" name="test_invoice_crud" time="0.709" /><testcase classname="tests.backend_test" name="test_dashboard_summary" time="0.079" /><testcase classname="tests.backend_test" name="test_gst_summary" time="0.081" /><testcase classname="tests.backend_test" name="test_upi_list_and_create" time="0.285" /><testcase classname="tests.backend_test" name="test_chat_and_history" time="0.999" /><testcase classname="tests.backend_test" name="test_voice_extract_text" time="1.960" /><testcase classname="tests.backend_test" name="test_whatsapp_webhook" time="0.101" /><testcase classname="tests.backend_test" name="test_invoice_ocr" time="2.714" /><testcase classname="tests.test_ca_plan" name="test_ca_login_role" time="0.336" /><testcase classname="tests.test_ca_plan" name="test_signup_role_ca" time="0.324" /><testcase classname="tests.test_ca_plan" name="test_ca_list_clients" time="0.414" /><testcase classname="tests.test_ca_plan" name="test_ca_endpoint_vendor_forbidden" time="0.392" /><testcase classname="tests.test_ca_plan" name="test_ca_endpoint_unauthenticated" time="0.078" /><testcase classname="tests.test_ca_plan" name="test_invite_shows_in_list" time="0.432" /><testcase classname="tests.test_ca_plan" name="test_invite_duplicate_400" time="0.098" /><testcase classname="tests.test_ca_plan" name="test_mark_filed_gstr1_bharat" time="0.297" /><testcase classname="tests.test_ca_plan" name="test_mark_filed_unlinked_403" time="0.077" /><testcase classname="tests.test_ca_plan" name="test_client_summary_sharma" time="0.189" /><testcase classname="tests.test_ca_plan" name="test_remove_client" time="0.175" /><testcase classname="tests.test_ca_plan" name="test_vendor_dashboard_still_works" time="0.087" /><testcase classname="tests.test_ca_plan" name="test_stats_shape" time="0.103" /><testcase classname="tests.test_iter3.TestRegression" name="test_health" time="0.085" /><testcase classname="tests.test_iter3.TestRegression" name="test_vendor_login_me" time="0.386" /><testcase classname="tests.test_iter3.TestRegression" name="test_ca_login_me" time="0.391" /><testcase classname="tests.test_iter3.TestRegression" name="test_invoices_list" time="0.088" /><testcase classname="tests.test_iter3.TestRegression" name="test_dashboard_summary" time="0.083" /><testcase classname="tests.test_iter3.TestRegression" name="test_gst_summary" time="0.093" /><testcase classname="tests.test_iter3.TestRegression" name="test_gst_deadlines" time="0.080" /><testcase classname="tests.test_iter3.TestRegression" name="test_gstin_verify" time="0.081" /><testcase classname="tests.test_iter3.TestRegression" name="test_upi_transactions" time="0.084" /><testcase classname="tests.test_iter3.TestRegression" name="test_ca_clients" time="0.094" /><testcase classname="tests.test_iter3.TestRegression" name="test_chat_message" time="1.579" /><testcase classname="tests.test_iter3.TestWhatsApp" name="test_status_simulated" time="0.086" /><testcase classname="tests.test_iter3.TestWhatsApp" name="test_send_test_requires_auth" time="0.087" /><testcase classname="tests.test_iter3.TestWhatsApp" name="test_send_test_dry_run" time="0.100" /><testcase classname="tests.test_iter3.TestWhatsApp" name="test_send_template_dry_run" time="0.082" /><testcase classname="tests.test_iter3.TestWhatsApp" name="test_webhook_inbound_routes" time="1.117" /><testcase classname="tests.test_iter3.TestGspFiling" name="test_file_without_gstin_returns_400" time="0.441" /><testcase classname="tests.test_iter3.TestGspFiling" name="test_full_file_flow" time="0.477" /><testcase classname="tests.test_iter3.TestCaExport" name="test_export_csv" time="0.088" /><testcase classname="tests.test_iter3.TestCaExport" name="test_export_json" time="0.086" /><testcase classname="tests.test_iter3.TestCaExport" name="test_export_forbidden_for_vendor" time="0.086" /></testsuite></testsuites>