<?xml version="1.0" encoding="utf-8"?><testsuites name="pytest tests"><testsuite name="pytest" errors="0" failures="0" skipped="0" tests="16" time="10.546" timestamp="2026-07-01T22:11:49.934240+00:00" hostname="agent-env-043b526b-3b05-4aa7-a1d6-eee4303da566"><testcase classname="backend.tests.backend_test" name="test_root" time="0.155" /><testcase classname="backend.tests.backend_test" name="test_health" time="0.087" /><testcase classname="backend.tests.backend_test" name="test_login_demo" time="0.398" /><testcase classname="backend.tests.backend_test" name="test_login_bad_password" time="0.275" /><testcase classname="backend.tests.backend_test" name="test_register_and_me" time="0.360" /><testcase classname="backend.tests.backend_test" name="test_me_no_token" time="0.100" /><testcase classname="backend.tests.backend_test" name="test_gstin_valid" time="0.101" /><testcase classname="backend.tests.backend_test" name="test_gstin_invalid" time="0.091" /><testcase classname="backend.tests.backend_test" name="test_invoice_crud" time="0.717" /><testcase classname="backend.tests.backend_test" name="test_dashboard_summary" time="0.084" /><testcase classname="backend.tests.backend_test" name="test_gst_summary" time="0.095" /><testcase classname="backend.tests.backend_test" name="test_upi_list_and_create" time="0.237" /><testcase classname="backend.tests.backend_test" name="test_chat_and_history" time="1.428" /><testcase classname="backend.tests.backend_test" name="test_voice_extract_text" time="1.406" /><testcase classname="backend.tests.backend_test" name="test_whatsapp_webhook" time="0.138" /><testcase classname="backend.tests.backend_test" name="test_invoice_ocr" time="4.765" /></testsuite></testsuites>